Base path: C:/Program Files/Unity/Editor/Data
Pipe name: \\.\pipe\UnityShaderCompiler-64bit-3-13840
Cmd: getPlatforms
Cmd: compileSnippet
  api=0 type=0 insize=881 outsize=2729 kw=LEAP_FORMAT_RGB ok=1
Cmd: compileSnippet
  api=0 type=1 insize=881 outsize=6 kw=LEAP_FORMAT_RGB ok=1
Cmd: compileSnippet
  api=4 type=1 insize=881 outsize=3346 kw=LEAP_FORMAT_RGB ok=1
Cmd: compileSnippet
  api=0 type=0 insize=3239 outsize=1786 kw=LEAP_FORMAT_IR USE_DEPTH_TEXTURE ok=1
Cmd: compileSnippet
  api=4 type=0 insize=3239 outsize=2306 kw=LEAP_FORMAT_RGB USE_DEPTH_TEXTURE ok=1
Cmd: compileSnippet
  api=0 type=1 insize=3239 outsize=6 kw=LEAP_FORMAT_IR ok=1
Cmd: compileSnippet
  api=4 type=1 insize=3239 outsize=1762 kw=LEAP_FORMAT_IR USE_DEPTH_TEXTURE ok=1
Cmd: compileSnippet
  api=0 type=1 insize=3239 outsize=6 kw=LEAP_FORMAT_RGB USE_DEPTH_TEXTURE ok=1
Cmd: compileSnippet
  api=4 type=1 insize=3239 outsize=2485 kw=LEAP_FORMAT_RGB USE_DEPTH_TEXTURE ok=1
Cmd: compileSnippet
  api=1 type=0 insize=3234 outsize=509 kw=LEAP_FORMAT_IR USE_DEPTH_TEXTURE ok=1
Cmd: compileSnippet
  api=0 type=0 insize=3234 outsize=4201 kw=LEAP_FORMAT_RGB ok=1
Cmd: compileSnippet
  api=1 type=1 insize=3234 outsize=1093 kw=LEAP_FORMAT_IR ok=1
Cmd: compileSnippet
  api=4 type=1 insize=3234 outsize=4638 kw=LEAP_FORMAT_RGB ok=1
Cmd: compileSnippet
  api=1 type=1 insize=788 outsize=81 kw= ok=1
Cmd: compileSnippet
  api=1 type=1 insize=988 outsize=100 kw= ok=1
Cmd: compileSnippet
  api=0 type=0 insize=1074 outsize=3099 kw=LEAP_FORMAT_RGB ok=1
Cmd: compileSnippet
  api=1 type=1 insize=1074 outsize=679 kw=LEAP_FORMAT_IR ok=1
Cmd: compileSnippet
  api=8 type=1 insize=1074 outsize=6679 kw=LEAP_FORMAT_RGB ok=1
Unhandled exception: Readfile from pipe failed. GLE=The pipe has been ended.


Quitting shader compiler process

Crashed!
